d:\mis cosas\beca investigacion\gráficos_new\20160722\graficosproyecto\tutorial07\debug\vc120.pdb
d:\mis cosas\beca investigacion\gráficos_new\20160722\graficosproyecto\tutorial07\debug\vc120.idb
d:\mis cosas\beca investigacion\gráficos_new\20160722\graficosproyecto\tutorial07\debug\window.obj
d:\mis cosas\beca investigacion\gráficos_new\20160722\graficosproyecto\tutorial07\debug\tutorial07.obj
d:\mis cosas\beca investigacion\gráficos_new\20160722\graficosproyecto\tutorial07\debug\scene.obj
d:\mis cosas\beca investigacion\gráficos_new\20160722\graficosproyecto\tutorial07\debug\posableobject.obj
d:\mis cosas\beca investigacion\gráficos_new\20160722\graficosproyecto\tutorial07\debug\device.obj
d:\mis cosas\beca investigacion\gráficos_new\20160722\graficosproyecto\tutorial07\debug\ddstextureloader.obj
d:\mis cosas\beca investigacion\gráficos_new\20160722\graficosproyecto\tutorial07\debug\camera.obj
d:\mis cosas\beca investigacion\gráficos_new\20160722\graficosproyecto\tutorial07\debug\camaraview.obj
d:\mis cosas\beca investigacion\gráficos_new\20160722\graficosproyecto\tutorial07\debug\billboardview.obj
d:\mis cosas\beca investigacion\gráficos_new\20160722\graficosproyecto\tutorial07\debug\billboard.obj
d:\mis cosas\beca investigacion\gráficos_new\20160722\graficosproyecto\debug\tutorial07_ps.cso
d:\mis cosas\beca investigacion\gráficos_new\20160722\graficosproyecto\debug\tutorial07_vs.cso
d:\mis cosas\beca investigacion\gráficos_new\20160722\graficosproyecto\debug\tutorial07.cso
d:\mis cosas\beca investigacion\gráficos_new\20160722\graficosproyecto\tutorial07\debug\graphics.tlog\cl.command.1.tlog
d:\mis cosas\beca investigacion\gráficos_new\20160722\graficosproyecto\tutorial07\debug\graphics.tlog\cl.read.1.tlog
d:\mis cosas\beca investigacion\gráficos_new\20160722\graficosproyecto\tutorial07\debug\graphics.tlog\cl.write.1.tlog
d:\mis cosas\beca investigacion\gráficos_new\20160722\graficosproyecto\tutorial07\debug\graphics.tlog\fxc.command.1.tlog
d:\mis cosas\beca investigacion\gráficos_new\20160722\graficosproyecto\tutorial07\debug\graphics.tlog\fxc.read.1.tlog
d:\mis cosas\beca investigacion\gráficos_new\20160722\graficosproyecto\tutorial07\debug\graphics.tlog\fxc.write.1.tlog
d:\mis cosas\beca investigacion\gráficos_new\20160722\graficosproyecto\tutorial07\debug\graphics.tlog\graphics.write.1u.tlog
